2024-05-29 03:10:52,845 - Lingvo with eager execution is in early development. Please reach out to go/lingvo-eager-migration with bugs. Eager mode can be disable with tf.compat.v1.disable_eager_execution().
2024-05-29 03:10:57,926 - Initializing Stonks class
2024-05-29 03:35:35,661 - Initializing Stonks class
2024-05-29 03:36:31,496 - Initializing Stonks class
2024-05-29 03:37:44,051 - Initializing Stonks class
2024-05-29 03:40:00,864 - Initializing Stonks class
2024-05-29 03:41:59,440 - Initializing Stonks class
2024-05-29 03:42:02,369 - Initializing Stonks class
2024-05-29 03:43:26,072 - Initializing Stonks class
2024-05-29 03:43:36,725 - Initializing Stonks class
2024-05-29 03:43:36,726 - Initializing Stonks class
2024-05-29 03:43:51,079 - Initializing Stonks class
2024-05-29 03:44:04,132 - Initializing Stonks class
2024-05-29 03:45:09,279 - Initializing Stonks class
2024-05-29 03:46:22,746 - Initializing Stonks class
2024-05-29 03:46:40,877 - Initializing Stonks class
2024-05-29 03:47:13,228 - Initializing Stonks class
2024-05-29 03:47:18,987 - Initializing Stonks class
2024-05-29 03:47:22,182 - Initializing Stonks class
2024-05-29 03:48:03,660 - Lingvo with eager execution is in early development. Please reach out to go/lingvo-eager-migration with bugs. Eager mode can be disable with tf.compat.v1.disable_eager_execution().
2024-05-29 03:48:08,742 - Initializing Stonks class
2024-05-29 03:48:27,627 - Initializing Predictions class
2024-05-29 03:48:27,744 - Unable to initialize backend 'rocm': module 'jaxlib.xla_extension' has no attribute 'GpuAllocatorConfig'
2024-05-29 03:48:27,745 - Unable to initialize backend 'tpu': INTERNAL: Failed to open libtpu.so: libtpu.so: cannot open shared object file: No such file or directory
2024-05-29 03:48:28,035 - Loading model from checkpoint
2024-05-29 03:48:31,631 - No registered CheckpointArgs found for handler type: <class 'paxml.checkpoints.FlaxCheckpointHandler'>
2024-05-29 03:48:31,690 - Configured `CheckpointManager` using deprecated legacy API. Please follow the instructions at https://orbax.readthedocs.io/en/latest/api_refactor.html to migrate by May 1st, 2024.
2024-05-29 03:48:31,693 - train_state_unpadded_shape_dtype_struct is not provided. We assume `train_state` is unpadded.
2024-05-29 03:48:33,356 - For checkpoint version > 1.0, we require users to provide
          `train_state_unpadded_shape_dtype_struct` during checkpoint
          saving/restoring, to avoid potential silent bugs when loading
          checkpoints to incompatible unpadded shapes of TrainState.
2024-05-29 03:49:00,683 - Model loaded successfully
2024-05-29 03:49:00,730 - Predicting for window size: 25
2024-05-29 03:49:00,730 - Preprocessing dataframe.
2024-05-29 03:49:01,830 - Finished creating output dataframe.
2024-05-29 03:49:01,833 - Predicting for window size: 39
2024-05-29 03:49:01,833 - Preprocessing dataframe.
2024-05-29 03:49:02,891 - Finished creating output dataframe.
2024-05-29 03:49:02,892 - Predicting for window size: 53
2024-05-29 03:49:02,892 - Preprocessing dataframe.
2024-05-29 03:49:03,806 - Finished creating output dataframe.
2024-05-29 03:49:03,806 - Predicting for window size: 67
2024-05-29 03:49:03,807 - Preprocessing dataframe.
2024-05-29 03:49:04,774 - Finished creating output dataframe.
2024-05-29 03:49:04,775 - Predicting for window size: 81
2024-05-29 03:49:04,775 - Preprocessing dataframe.
2024-05-29 03:49:05,642 - Finished creating output dataframe.
2024-05-29 03:49:05,643 - Predicting for window size: 95
2024-05-29 03:49:05,643 - Preprocessing dataframe.
2024-05-29 03:49:06,572 - Finished creating output dataframe.
2024-05-29 03:49:06,572 - Predicting for window size: 109
2024-05-29 03:49:06,573 - Preprocessing dataframe.
2024-05-29 03:49:07,661 - Finished creating output dataframe.
2024-05-29 03:49:07,661 - Predicting for window size: 123
2024-05-29 03:49:07,662 - Preprocessing dataframe.
2024-05-29 03:49:08,872 - Finished creating output dataframe.
2024-05-29 03:49:08,873 - Predicting for window size: 137
2024-05-29 03:49:08,873 - Preprocessing dataframe.
2024-05-29 03:49:09,861 - Finished creating output dataframe.
2024-05-29 03:49:09,861 - Predicting for window size: 151
2024-05-29 03:49:09,861 - Preprocessing dataframe.
2024-05-29 03:49:10,884 - Finished creating output dataframe.
2024-05-29 03:49:10,885 - Predicting for window size: 165
2024-05-29 03:49:10,885 - Preprocessing dataframe.
2024-05-29 03:49:12,097 - Finished creating output dataframe.
2024-05-29 03:49:12,098 - Predicting for window size: 179
2024-05-29 03:49:12,098 - Preprocessing dataframe.
2024-05-29 03:49:13,125 - Finished creating output dataframe.
2024-05-29 03:49:13,126 - Predicting for window size: 193
2024-05-29 03:49:13,126 - Preprocessing dataframe.
2024-05-29 03:49:14,137 - Finished creating output dataframe.
2024-05-29 03:49:14,137 - Predicting for window size: 207
2024-05-29 03:49:14,137 - Preprocessing dataframe.
2024-05-29 03:49:15,092 - Finished creating output dataframe.
2024-05-29 03:49:15,093 - Predicting for window size: 221
2024-05-29 03:49:15,093 - Preprocessing dataframe.
2024-05-29 03:49:16,034 - Finished creating output dataframe.
2024-05-29 03:49:16,035 - Predicting for window size: 235
2024-05-29 03:49:16,035 - Preprocessing dataframe.
2024-05-29 03:49:16,926 - Finished creating output dataframe.
2024-05-29 03:49:16,926 - Predicting for window size: 249
2024-05-29 03:49:16,926 - Preprocessing dataframe.
2024-05-29 03:49:17,839 - Finished creating output dataframe.
2024-05-29 03:51:58,390 - Initializing Stonks class
2024-05-29 03:52:17,964 - Predicting for window size: 25
2024-05-29 03:52:17,965 - Preprocessing dataframe.
2024-05-29 03:52:18,841 - Finished creating output dataframe.
2024-05-29 03:52:18,841 - Predicting for window size: 39
2024-05-29 03:52:18,841 - Preprocessing dataframe.
2024-05-29 03:52:19,662 - Finished creating output dataframe.
2024-05-29 03:52:19,662 - Predicting for window size: 53
2024-05-29 03:52:19,662 - Preprocessing dataframe.
2024-05-29 03:52:20,503 - Finished creating output dataframe.
2024-05-29 03:52:20,503 - Predicting for window size: 67
2024-05-29 03:52:20,503 - Preprocessing dataframe.
2024-05-29 03:52:21,429 - Finished creating output dataframe.
2024-05-29 03:52:21,429 - Predicting for window size: 81
2024-05-29 03:52:21,430 - Preprocessing dataframe.
2024-05-29 03:52:22,325 - Finished creating output dataframe.
2024-05-29 03:52:22,326 - Predicting for window size: 95
2024-05-29 03:52:22,326 - Preprocessing dataframe.
2024-05-29 03:52:23,238 - Finished creating output dataframe.
2024-05-29 03:52:23,238 - Predicting for window size: 109
2024-05-29 03:52:23,239 - Preprocessing dataframe.
2024-05-29 03:52:24,088 - Finished creating output dataframe.
2024-05-29 03:52:24,089 - Predicting for window size: 123
2024-05-29 03:52:24,089 - Preprocessing dataframe.
2024-05-29 03:52:24,929 - Finished creating output dataframe.
2024-05-29 03:52:24,930 - Predicting for window size: 137
2024-05-29 03:52:24,931 - Preprocessing dataframe.
2024-05-29 03:52:25,856 - Finished creating output dataframe.
2024-05-29 03:52:25,856 - Predicting for window size: 151
2024-05-29 03:52:25,856 - Preprocessing dataframe.
2024-05-29 03:52:26,719 - Finished creating output dataframe.
2024-05-29 03:52:26,719 - Predicting for window size: 165
2024-05-29 03:52:26,720 - Preprocessing dataframe.
2024-05-29 03:52:27,620 - Finished creating output dataframe.
2024-05-29 03:52:27,621 - Predicting for window size: 179
2024-05-29 03:52:27,621 - Preprocessing dataframe.
2024-05-29 03:52:28,510 - Finished creating output dataframe.
2024-05-29 03:52:28,510 - Predicting for window size: 193
2024-05-29 03:52:28,510 - Preprocessing dataframe.
2024-05-29 03:52:29,401 - Finished creating output dataframe.
2024-05-29 03:52:29,401 - Predicting for window size: 207
2024-05-29 03:52:29,401 - Preprocessing dataframe.
2024-05-29 03:52:30,266 - Finished creating output dataframe.
2024-05-29 03:52:30,266 - Predicting for window size: 221
2024-05-29 03:52:30,267 - Preprocessing dataframe.
2024-05-29 03:52:31,126 - Finished creating output dataframe.
2024-05-29 03:52:31,126 - Predicting for window size: 235
2024-05-29 03:52:31,127 - Preprocessing dataframe.
2024-05-29 03:52:32,031 - Finished creating output dataframe.
2024-05-29 03:52:32,031 - Predicting for window size: 249
2024-05-29 03:52:32,031 - Preprocessing dataframe.
2024-05-29 03:52:32,993 - Finished creating output dataframe.
